<?xml version="1.0" encoding="utf-8" standalone="no"?>
<test-run id="2" testcasecount="2" result="Passed" total="2" passed="2" failed="0" inconclusive="0" skipped="0" asserts="2" engine-version="3.10.0.0" clr-version="4.0.30319.42000" start-time="2019-08-26 18:22:46Z" end-time="2019-08-26 18:23:25Z" duration="39.078651">
  <command-line><![CDATA[nunit3-console  bin\Debug\Qualification.dll]]></command-line>
  <test-suite type="Assembly" id="0-1003" name="Qualification.dll" fullname="C:\Users\madie\Desktop\Qualification\Qualification\bin\Debug\Qualification.dll" runstate="Runnable" testcasecount="2" result="Passed" start-time="2019-08-26 18:22:47Z" end-time="2019-08-26 18:23:25Z" duration="38.382773" total="2" passed="2" failed="0" warnings="0" inconclusive="0" skipped="0" asserts="2">
    <environment framework-version="3.12.0.0" clr-version="4.0.30319.42000" os-version="Microsoft Windows NT 10.0.17134.0" platform="Win32NT" cwd="C:\Users\madie\Desktop\Qualification\Qualification" machine-name="DESKTOP-4J0CDJS" user="madie" user-domain="DESKTOP-4J0CDJS" culture="ru-RU" uiculture="ru-RU" os-architecture="x64" />
    <settings>
      <setting name="DisposeRunners" value="True" />
      <setting name="WorkDirectory" value="C:\Users\madie\Desktop\Qualification\Qualification" />
      <setting name="ImageRuntimeVersion" value="4.0.30319" />
      <setting name="ImageTargetFrameworkName" value=".NETFramework,Version=v4.7.2" />
      <setting name="ImageRequiresX86" value="False" />
      <setting name="ImageRequiresDefaultAppDomainAssemblyResolver" value="False" />
      <setting name="NumberOfTestWorkers" value="8" />
    </settings>
    <properties>
      <property name="_PID" value="9272" />
      <property name="_APPDOMAIN" value="domain-" />
    </properties>
    <test-suite type="TestSuite" id="0-1004" name="Qualification" fullname="Qualification" runstate="Runnable" testcasecount="2" result="Passed" start-time="2019-08-26 18:22:47Z" end-time="2019-08-26 18:23:25Z" duration="38.359237" total="2" passed="2" failed="0" warnings="0" inconclusive="0" skipped="0" asserts="2">
      <test-suite type="TestFixture" id="0-1000" name="Tests" fullname="Qualification.Tests" classname="Qualification.Tests" runstate="Runnable" testcasecount="2" result="Passed" start-time="2019-08-26 18:22:47Z" end-time="2019-08-26 18:23:25Z" duration="38.353846" total="2" passed="2" failed="0" warnings="0" inconclusive="0" skipped="0" asserts="2">
        <output><![CDATA[Chrome
C:\\Users\\madie\\Desktop\\Qualification\\Qualification\\Drivers
temp.temp.2019@list.ru
password2468
temp.temp.93@list.ru
password2468
]]></output>
        <test-case id="0-1001" name="sendMailTest" fullname="Qualification.Tests.sendMailTest" methodname="sendMailTest" classname="Qualification.Tests" runstate="Runnable" seed="2109700448" result="Passed" start-time="2019-08-26 18:22:47Z" end-time="2019-08-26 18:23:00Z" duration="12.593471" asserts="0">
          <properties>
            <property name="Order" value="1" />
          </properties>
        </test-case>
        <test-case id="0-1002" name="openMailTest" fullname="Qualification.Tests.openMailTest" methodname="openMailTest" classname="Qualification.Tests" runstate="Runnable" seed="2108050401" result="Passed" start-time="2019-08-26 18:23:00Z" end-time="2019-08-26 18:23:25Z" duration="25.647409" asserts="2">
          <properties>
            <property name="Order" value="2" />
          </properties>
          <output><![CDATA[   в OpenQA.Selenium.Remote.RemoteWebDriver.UnpackAndThrowOnError(Response errorResponse)
   в OpenQA.Selenium.Remote.RemoteWebDriver.Execute(String driverCommandToExecute, Dictionary`2 parameters)
   в OpenQA.Selenium.Remote.RemoteWebDriver.FindElement(String mechanism, String value)
   в Qualification.Browser.element(By selector) в C:\Users\madie\Desktop\Qualification\Qualification\Browser.cs:строка 47
]]></output>
        </test-case>
      </test-suite>
    </test-suite>
  </test-suite>
</test-run>